Performing C SOURCE FILE Test CMAKE_HAVE_LIBC_PTHREAD failed with the following output:
Change Dir: /home/pinecone/documents/ORB-SLAM-2/build/CMakeFiles/CMakeTmp

Run Build Command(s):/usr/bin/make cmTC_97e37/fast && /usr/bin/make -f CMakeFiles/cmTC_97e37.dir/build.make CMakeFiles/cmTC_97e37.dir/build
make[1]: Entering directory '/home/pinecone/documents/ORB-SLAM-2/build/CMakeFiles/CMakeTmp'
Building C object CMakeFiles/cmTC_97e37.dir/src.c.o
/usr/bin/cc   -DCMAKE_HAVE_LIBC_PTHREAD   -o CMakeFiles/cmTC_97e37.dir/src.c.o   -c /home/pinecone/documents/ORB-SLAM-2/build/CMakeFiles/CMakeTmp/src.c
Linking C executable cmTC_97e37
/usr/bin/cmake -E cmake_link_script CMakeFiles/cmTC_97e37.dir/link.txt --verbose=1
/usr/bin/cc  -DCMAKE_HAVE_LIBC_PTHREAD    CMakeFiles/cmTC_97e37.dir/src.c.o  -o cmTC_97e37 
/usr/bin/ld: CMakeFiles/cmTC_97e37.dir/src.c.o: in function `main':
src.c:(.text+0x46): undefined reference to `pthread_create'
/usr/bin/ld: src.c:(.text+0x52): undefined reference to `pthread_detach'
/usr/bin/ld: src.c:(.text+0x63): undefined reference to `pthread_join'
collect2: error: ld returned 1 exit status
make[1]: *** [CMakeFiles/cmTC_97e37.dir/build.make:87: cmTC_97e37] Error 1
make[1]: Leaving directory '/home/pinecone/documents/ORB-SLAM-2/build/CMakeFiles/CMakeTmp'
make: *** [Makefile:121: cmTC_97e37/fast] Error 2


Source file was:
#include <pthread.h>

void* test_func(void* data)
{
  return data;
}

int main(void)
{
  pthread_t thread;
  pthread_create(&thread, NULL, test_func, NULL);
  pthread_detach(thread);
  pthread_join(thread, NULL);
  pthread_atfork(NULL, NULL, NULL);
  pthread_exit(NULL);

  return 0;
}

Determining if the function pthread_create exists in the pthreads failed with the following output:
Change Dir: /home/pinecone/documents/ORB-SLAM-2/build/CMakeFiles/CMakeTmp

Run Build Command(s):/usr/bin/make cmTC_d0f99/fast && /usr/bin/make -f CMakeFiles/cmTC_d0f99.dir/build.make CMakeFiles/cmTC_d0f99.dir/build
make[1]: Entering directory '/home/pinecone/documents/ORB-SLAM-2/build/CMakeFiles/CMakeTmp'
Building C object CMakeFiles/cmTC_d0f99.dir/CheckFunctionExists.c.o
/usr/bin/cc   -DCHECK_FUNCTION_EXISTS=pthread_create   -o CMakeFiles/cmTC_d0f99.dir/CheckFunctionExists.c.o   -c /usr/share/cmake-3.16/Modules/CheckFunctionExists.c
Linking C executable cmTC_d0f99
/usr/bin/cmake -E cmake_link_script CMakeFiles/cmTC_d0f99.dir/link.txt --verbose=1
/usr/bin/cc  -DCHECK_FUNCTION_EXISTS=pthread_create    CMakeFiles/cmTC_d0f99.dir/CheckFunctionExists.c.o  -o cmTC_d0f99  -lpthreads 
/usr/bin/ld: cannot find -lpthreads
collect2: error: ld returned 1 exit status
make[1]: *** [CMakeFiles/cmTC_d0f99.dir/build.make:87: cmTC_d0f99] Error 1
make[1]: Leaving directory '/home/pinecone/documents/ORB-SLAM-2/build/CMakeFiles/CMakeTmp'
make: *** [Makefile:121: cmTC_d0f99/fast] Error 2



Performing C SOURCE FILE Test CMAKE_HAVE_LIBC_PTHREAD failed with the following output:
Change Dir: /home/pinecone/documents/ORB-SLAM-2/build/CMakeFiles/CMakeTmp

Run Build Command(s):/usr/bin/make cmTC_6eb9a/fast && /usr/bin/make -f CMakeFiles/cmTC_6eb9a.dir/build.make CMakeFiles/cmTC_6eb9a.dir/build
make[1]: Entering directory '/home/pinecone/documents/ORB-SLAM-2/build/CMakeFiles/CMakeTmp'
Building C object CMakeFiles/cmTC_6eb9a.dir/src.c.o
/usr/bin/cc   -DCMAKE_HAVE_LIBC_PTHREAD   -o CMakeFiles/cmTC_6eb9a.dir/src.c.o   -c /home/pinecone/documents/ORB-SLAM-2/build/CMakeFiles/CMakeTmp/src.c
Linking C executable cmTC_6eb9a
/usr/bin/cmake -E cmake_link_script CMakeFiles/cmTC_6eb9a.dir/link.txt --verbose=1
/usr/bin/cc  -DCMAKE_HAVE_LIBC_PTHREAD    CMakeFiles/cmTC_6eb9a.dir/src.c.o  -o cmTC_6eb9a 
/usr/bin/ld: CMakeFiles/cmTC_6eb9a.dir/src.c.o: in function `main':
src.c:(.text+0x46): undefined reference to `pthread_create'
/usr/bin/ld: src.c:(.text+0x52): undefined reference to `pthread_detach'
/usr/bin/ld: src.c:(.text+0x63): undefined reference to `pthread_join'
collect2: error: ld returned 1 exit status
make[1]: *** [CMakeFiles/cmTC_6eb9a.dir/build.make:87: cmTC_6eb9a] Error 1
make[1]: Leaving directory '/home/pinecone/documents/ORB-SLAM-2/build/CMakeFiles/CMakeTmp'
make: *** [Makefile:121: cmTC_6eb9a/fast] Error 2


Source file was:
#include <pthread.h>

void* test_func(void* data)
{
  return data;
}

int main(void)
{
  pthread_t thread;
  pthread_create(&thread, NULL, test_func, NULL);
  pthread_detach(thread);
  pthread_join(thread, NULL);
  pthread_atfork(NULL, NULL, NULL);
  pthread_exit(NULL);

  return 0;
}

Determining if the function pthread_create exists in the pthreads failed with the following output:
Change Dir: /home/pinecone/documents/ORB-SLAM-2/build/CMakeFiles/CMakeTmp

Run Build Command(s):/usr/bin/make cmTC_f2508/fast && /usr/bin/make -f CMakeFiles/cmTC_f2508.dir/build.make CMakeFiles/cmTC_f2508.dir/build
make[1]: Entering directory '/home/pinecone/documents/ORB-SLAM-2/build/CMakeFiles/CMakeTmp'
Building C object CMakeFiles/cmTC_f2508.dir/CheckFunctionExists.c.o
/usr/bin/cc   -DCHECK_FUNCTION_EXISTS=pthread_create   -o CMakeFiles/cmTC_f2508.dir/CheckFunctionExists.c.o   -c /usr/share/cmake-3.16/Modules/CheckFunctionExists.c
Linking C executable cmTC_f2508
/usr/bin/cmake -E cmake_link_script CMakeFiles/cmTC_f2508.dir/link.txt --verbose=1
/usr/bin/cc  -DCHECK_FUNCTION_EXISTS=pthread_create    CMakeFiles/cmTC_f2508.dir/CheckFunctionExists.c.o  -o cmTC_f2508  -lpthreads 
/usr/bin/ld: cannot find -lpthreads
collect2: error: ld returned 1 exit status
make[1]: *** [CMakeFiles/cmTC_f2508.dir/build.make:87: cmTC_f2508] Error 1
make[1]: Leaving directory '/home/pinecone/documents/ORB-SLAM-2/build/CMakeFiles/CMakeTmp'
make: *** [Makefile:121: cmTC_f2508/fast] Error 2



Performing C SOURCE FILE Test CMAKE_HAVE_LIBC_PTHREAD failed with the following output:
Change Dir: /home/pinecone/documents/ORB-SLAM-2/build/CMakeFiles/CMakeTmp

Run Build Command(s):/usr/bin/make cmTC_9614d/fast && /usr/bin/make -f CMakeFiles/cmTC_9614d.dir/build.make CMakeFiles/cmTC_9614d.dir/build
make[1]: Entering directory '/home/pinecone/documents/ORB-SLAM-2/build/CMakeFiles/CMakeTmp'
Building C object CMakeFiles/cmTC_9614d.dir/src.c.o
/usr/bin/cc   -DCMAKE_HAVE_LIBC_PTHREAD   -o CMakeFiles/cmTC_9614d.dir/src.c.o   -c /home/pinecone/documents/ORB-SLAM-2/build/CMakeFiles/CMakeTmp/src.c
Linking C executable cmTC_9614d
/usr/bin/cmake -E cmake_link_script CMakeFiles/cmTC_9614d.dir/link.txt --verbose=1
/usr/bin/cc  -DCMAKE_HAVE_LIBC_PTHREAD    CMakeFiles/cmTC_9614d.dir/src.c.o  -o cmTC_9614d 
/usr/bin/ld: CMakeFiles/cmTC_9614d.dir/src.c.o: in function `main':
src.c:(.text+0x46): undefined reference to `pthread_create'
/usr/bin/ld: src.c:(.text+0x52): undefined reference to `pthread_detach'
/usr/bin/ld: src.c:(.text+0x63): undefined reference to `pthread_join'
collect2: error: ld returned 1 exit status
make[1]: *** [CMakeFiles/cmTC_9614d.dir/build.make:87: cmTC_9614d] Error 1
make[1]: Leaving directory '/home/pinecone/documents/ORB-SLAM-2/build/CMakeFiles/CMakeTmp'
make: *** [Makefile:121: cmTC_9614d/fast] Error 2


Source file was:
#include <pthread.h>

void* test_func(void* data)
{
  return data;
}

int main(void)
{
  pthread_t thread;
  pthread_create(&thread, NULL, test_func, NULL);
  pthread_detach(thread);
  pthread_join(thread, NULL);
  pthread_atfork(NULL, NULL, NULL);
  pthread_exit(NULL);

  return 0;
}

Determining if the function pthread_create exists in the pthreads failed with the following output:
Change Dir: /home/pinecone/documents/ORB-SLAM-2/build/CMakeFiles/CMakeTmp

Run Build Command(s):/usr/bin/make cmTC_864ab/fast && /usr/bin/make -f CMakeFiles/cmTC_864ab.dir/build.make CMakeFiles/cmTC_864ab.dir/build
make[1]: Entering directory '/home/pinecone/documents/ORB-SLAM-2/build/CMakeFiles/CMakeTmp'
Building C object CMakeFiles/cmTC_864ab.dir/CheckFunctionExists.c.o
/usr/bin/cc   -DCHECK_FUNCTION_EXISTS=pthread_create   -o CMakeFiles/cmTC_864ab.dir/CheckFunctionExists.c.o   -c /usr/share/cmake-3.16/Modules/CheckFunctionExists.c
Linking C executable cmTC_864ab
/usr/bin/cmake -E cmake_link_script CMakeFiles/cmTC_864ab.dir/link.txt --verbose=1
/usr/bin/cc  -DCHECK_FUNCTION_EXISTS=pthread_create    CMakeFiles/cmTC_864ab.dir/CheckFunctionExists.c.o  -o cmTC_864ab  -lpthreads 
/usr/bin/ld: cannot find -lpthreads
collect2: error: ld returned 1 exit status
make[1]: *** [CMakeFiles/cmTC_864ab.dir/build.make:87: cmTC_864ab] Error 1
make[1]: Leaving directory '/home/pinecone/documents/ORB-SLAM-2/build/CMakeFiles/CMakeTmp'
make: *** [Makefile:121: cmTC_864ab/fast] Error 2



Performing C SOURCE FILE Test CMAKE_HAVE_LIBC_PTHREAD failed with the following output:
Change Dir: /home/pinecone/documents/ORB-SLAM-2/build/CMakeFiles/CMakeTmp

Run Build Command(s):/usr/bin/make cmTC_576dd/fast && /usr/bin/make -f CMakeFiles/cmTC_576dd.dir/build.make CMakeFiles/cmTC_576dd.dir/build
make[1]: Entering directory '/home/pinecone/documents/ORB-SLAM-2/build/CMakeFiles/CMakeTmp'
Building C object CMakeFiles/cmTC_576dd.dir/src.c.o
/usr/bin/cc   -DCMAKE_HAVE_LIBC_PTHREAD   -o CMakeFiles/cmTC_576dd.dir/src.c.o   -c /home/pinecone/documents/ORB-SLAM-2/build/CMakeFiles/CMakeTmp/src.c
Linking C executable cmTC_576dd
/usr/bin/cmake -E cmake_link_script CMakeFiles/cmTC_576dd.dir/link.txt --verbose=1
/usr/bin/cc  -DCMAKE_HAVE_LIBC_PTHREAD    CMakeFiles/cmTC_576dd.dir/src.c.o  -o cmTC_576dd 
/usr/bin/ld: CMakeFiles/cmTC_576dd.dir/src.c.o: in function `main':
src.c:(.text+0x46): undefined reference to `pthread_create'
/usr/bin/ld: src.c:(.text+0x52): undefined reference to `pthread_detach'
/usr/bin/ld: src.c:(.text+0x63): undefined reference to `pthread_join'
collect2: error: ld returned 1 exit status
make[1]: *** [CMakeFiles/cmTC_576dd.dir/build.make:87: cmTC_576dd] Error 1
make[1]: Leaving directory '/home/pinecone/documents/ORB-SLAM-2/build/CMakeFiles/CMakeTmp'
make: *** [Makefile:121: cmTC_576dd/fast] Error 2


Source file was:
#include <pthread.h>

void* test_func(void* data)
{
  return data;
}

int main(void)
{
  pthread_t thread;
  pthread_create(&thread, NULL, test_func, NULL);
  pthread_detach(thread);
  pthread_join(thread, NULL);
  pthread_atfork(NULL, NULL, NULL);
  pthread_exit(NULL);

  return 0;
}

Determining if the function pthread_create exists in the pthreads failed with the following output:
Change Dir: /home/pinecone/documents/ORB-SLAM-2/build/CMakeFiles/CMakeTmp

Run Build Command(s):/usr/bin/make cmTC_e6087/fast && /usr/bin/make -f CMakeFiles/cmTC_e6087.dir/build.make CMakeFiles/cmTC_e6087.dir/build
make[1]: Entering directory '/home/pinecone/documents/ORB-SLAM-2/build/CMakeFiles/CMakeTmp'
Building C object CMakeFiles/cmTC_e6087.dir/CheckFunctionExists.c.o
/usr/bin/cc   -DCHECK_FUNCTION_EXISTS=pthread_create   -o CMakeFiles/cmTC_e6087.dir/CheckFunctionExists.c.o   -c /usr/share/cmake-3.16/Modules/CheckFunctionExists.c
Linking C executable cmTC_e6087
/usr/bin/cmake -E cmake_link_script CMakeFiles/cmTC_e6087.dir/link.txt --verbose=1
/usr/bin/cc  -DCHECK_FUNCTION_EXISTS=pthread_create    CMakeFiles/cmTC_e6087.dir/CheckFunctionExists.c.o  -o cmTC_e6087  -lpthreads 
/usr/bin/ld: cannot find -lpthreads
collect2: error: ld returned 1 exit status
make[1]: *** [CMakeFiles/cmTC_e6087.dir/build.make:87: cmTC_e6087] Error 1
make[1]: Leaving directory '/home/pinecone/documents/ORB-SLAM-2/build/CMakeFiles/CMakeTmp'
make: *** [Makefile:121: cmTC_e6087/fast] Error 2



Performing C SOURCE FILE Test CMAKE_HAVE_LIBC_PTHREAD failed with the following output:
Change Dir: /home/pinecone/documents/ORB-SLAM-2/build/CMakeFiles/CMakeTmp

Run Build Command(s):/usr/bin/make cmTC_e9caa/fast && /usr/bin/make -f CMakeFiles/cmTC_e9caa.dir/build.make CMakeFiles/cmTC_e9caa.dir/build
make[1]: Entering directory '/home/pinecone/documents/ORB-SLAM-2/build/CMakeFiles/CMakeTmp'
Building C object CMakeFiles/cmTC_e9caa.dir/src.c.o
/usr/bin/cc   -DCMAKE_HAVE_LIBC_PTHREAD   -o CMakeFiles/cmTC_e9caa.dir/src.c.o   -c /home/pinecone/documents/ORB-SLAM-2/build/CMakeFiles/CMakeTmp/src.c
Linking C executable cmTC_e9caa
/usr/bin/cmake -E cmake_link_script CMakeFiles/cmTC_e9caa.dir/link.txt --verbose=1
/usr/bin/cc  -DCMAKE_HAVE_LIBC_PTHREAD    CMakeFiles/cmTC_e9caa.dir/src.c.o  -o cmTC_e9caa 
/usr/bin/ld: CMakeFiles/cmTC_e9caa.dir/src.c.o: in function `main':
src.c:(.text+0x46): undefined reference to `pthread_create'
/usr/bin/ld: src.c:(.text+0x52): undefined reference to `pthread_detach'
/usr/bin/ld: src.c:(.text+0x63): undefined reference to `pthread_join'
collect2: error: ld returned 1 exit status
make[1]: *** [CMakeFiles/cmTC_e9caa.dir/build.make:87: cmTC_e9caa] Error 1
make[1]: Leaving directory '/home/pinecone/documents/ORB-SLAM-2/build/CMakeFiles/CMakeTmp'
make: *** [Makefile:121: cmTC_e9caa/fast] Error 2


Source file was:
#include <pthread.h>

void* test_func(void* data)
{
  return data;
}

int main(void)
{
  pthread_t thread;
  pthread_create(&thread, NULL, test_func, NULL);
  pthread_detach(thread);
  pthread_join(thread, NULL);
  pthread_atfork(NULL, NULL, NULL);
  pthread_exit(NULL);

  return 0;
}

Determining if the function pthread_create exists in the pthreads failed with the following output:
Change Dir: /home/pinecone/documents/ORB-SLAM-2/build/CMakeFiles/CMakeTmp

Run Build Command(s):/usr/bin/make cmTC_eba95/fast && /usr/bin/make -f CMakeFiles/cmTC_eba95.dir/build.make CMakeFiles/cmTC_eba95.dir/build
make[1]: Entering directory '/home/pinecone/documents/ORB-SLAM-2/build/CMakeFiles/CMakeTmp'
Building C object CMakeFiles/cmTC_eba95.dir/CheckFunctionExists.c.o
/usr/bin/cc   -DCHECK_FUNCTION_EXISTS=pthread_create   -o CMakeFiles/cmTC_eba95.dir/CheckFunctionExists.c.o   -c /usr/share/cmake-3.16/Modules/CheckFunctionExists.c
Linking C executable cmTC_eba95
/usr/bin/cmake -E cmake_link_script CMakeFiles/cmTC_eba95.dir/link.txt --verbose=1
/usr/bin/cc  -DCHECK_FUNCTION_EXISTS=pthread_create    CMakeFiles/cmTC_eba95.dir/CheckFunctionExists.c.o  -o cmTC_eba95  -lpthreads 
/usr/bin/ld: cannot find -lpthreads
collect2: error: ld returned 1 exit status
make[1]: *** [CMakeFiles/cmTC_eba95.dir/build.make:87: cmTC_eba95] Error 1
make[1]: Leaving directory '/home/pinecone/documents/ORB-SLAM-2/build/CMakeFiles/CMakeTmp'
make: *** [Makefile:121: cmTC_eba95/fast] Error 2



Performing C SOURCE FILE Test CMAKE_HAVE_LIBC_PTHREAD failed with the following output:
Change Dir: /home/pinecone/documents/ORB-SLAM-2/build/CMakeFiles/CMakeTmp

Run Build Command(s):/usr/bin/make cmTC_1ac8d/fast && /usr/bin/make -f CMakeFiles/cmTC_1ac8d.dir/build.make CMakeFiles/cmTC_1ac8d.dir/build
make[1]: Entering directory '/home/pinecone/documents/ORB-SLAM-2/build/CMakeFiles/CMakeTmp'
Building C object CMakeFiles/cmTC_1ac8d.dir/src.c.o
/usr/bin/cc   -DCMAKE_HAVE_LIBC_PTHREAD   -o CMakeFiles/cmTC_1ac8d.dir/src.c.o   -c /home/pinecone/documents/ORB-SLAM-2/build/CMakeFiles/CMakeTmp/src.c
Linking C executable cmTC_1ac8d
/usr/bin/cmake -E cmake_link_script CMakeFiles/cmTC_1ac8d.dir/link.txt --verbose=1
/usr/bin/cc  -DCMAKE_HAVE_LIBC_PTHREAD    CMakeFiles/cmTC_1ac8d.dir/src.c.o  -o cmTC_1ac8d 
/usr/bin/ld: CMakeFiles/cmTC_1ac8d.dir/src.c.o: in function `main':
src.c:(.text+0x46): undefined reference to `pthread_create'
/usr/bin/ld: src.c:(.text+0x52): undefined reference to `pthread_detach'
/usr/bin/ld: src.c:(.text+0x63): undefined reference to `pthread_join'
collect2: error: ld returned 1 exit status
make[1]: *** [CMakeFiles/cmTC_1ac8d.dir/build.make:87: cmTC_1ac8d] Error 1
make[1]: Leaving directory '/home/pinecone/documents/ORB-SLAM-2/build/CMakeFiles/CMakeTmp'
make: *** [Makefile:121: cmTC_1ac8d/fast] Error 2


Source file was:
#include <pthread.h>

void* test_func(void* data)
{
  return data;
}

int main(void)
{
  pthread_t thread;
  pthread_create(&thread, NULL, test_func, NULL);
  pthread_detach(thread);
  pthread_join(thread, NULL);
  pthread_atfork(NULL, NULL, NULL);
  pthread_exit(NULL);

  return 0;
}

Determining if the function pthread_create exists in the pthreads failed with the following output:
Change Dir: /home/pinecone/documents/ORB-SLAM-2/build/CMakeFiles/CMakeTmp

Run Build Command(s):/usr/bin/make cmTC_826da/fast && /usr/bin/make -f CMakeFiles/cmTC_826da.dir/build.make CMakeFiles/cmTC_826da.dir/build
make[1]: Entering directory '/home/pinecone/documents/ORB-SLAM-2/build/CMakeFiles/CMakeTmp'
Building C object CMakeFiles/cmTC_826da.dir/CheckFunctionExists.c.o
/usr/bin/cc   -DCHECK_FUNCTION_EXISTS=pthread_create   -o CMakeFiles/cmTC_826da.dir/CheckFunctionExists.c.o   -c /usr/share/cmake-3.16/Modules/CheckFunctionExists.c
Linking C executable cmTC_826da
/usr/bin/cmake -E cmake_link_script CMakeFiles/cmTC_826da.dir/link.txt --verbose=1
/usr/bin/cc  -DCHECK_FUNCTION_EXISTS=pthread_create    CMakeFiles/cmTC_826da.dir/CheckFunctionExists.c.o  -o cmTC_826da  -lpthreads 
/usr/bin/ld: cannot find -lpthreads
collect2: error: ld returned 1 exit status
make[1]: *** [CMakeFiles/cmTC_826da.dir/build.make:87: cmTC_826da] Error 1
make[1]: Leaving directory '/home/pinecone/documents/ORB-SLAM-2/build/CMakeFiles/CMakeTmp'
make: *** [Makefile:121: cmTC_826da/fast] Error 2



Performing C SOURCE FILE Test CMAKE_HAVE_LIBC_PTHREAD failed with the following output:
Change Dir: /home/pinecone/documents/ORB-SLAM-2/build/CMakeFiles/CMakeTmp

Run Build Command(s):/usr/bin/make cmTC_b762c/fast && /usr/bin/make -f CMakeFiles/cmTC_b762c.dir/build.make CMakeFiles/cmTC_b762c.dir/build
make[1]: Entering directory '/home/pinecone/documents/ORB-SLAM-2/build/CMakeFiles/CMakeTmp'
Building C object CMakeFiles/cmTC_b762c.dir/src.c.o
/usr/bin/cc   -DCMAKE_HAVE_LIBC_PTHREAD   -o CMakeFiles/cmTC_b762c.dir/src.c.o   -c /home/pinecone/documents/ORB-SLAM-2/build/CMakeFiles/CMakeTmp/src.c
Linking C executable cmTC_b762c
/usr/bin/cmake -E cmake_link_script CMakeFiles/cmTC_b762c.dir/link.txt --verbose=1
/usr/bin/cc  -DCMAKE_HAVE_LIBC_PTHREAD    CMakeFiles/cmTC_b762c.dir/src.c.o  -o cmTC_b762c 
/usr/bin/ld: CMakeFiles/cmTC_b762c.dir/src.c.o: in function `main':
src.c:(.text+0x46): undefined reference to `pthread_create'
/usr/bin/ld: src.c:(.text+0x52): undefined reference to `pthread_detach'
/usr/bin/ld: src.c:(.text+0x63): undefined reference to `pthread_join'
collect2: error: ld returned 1 exit status
make[1]: *** [CMakeFiles/cmTC_b762c.dir/build.make:87: cmTC_b762c] Error 1
make[1]: Leaving directory '/home/pinecone/documents/ORB-SLAM-2/build/CMakeFiles/CMakeTmp'
make: *** [Makefile:121: cmTC_b762c/fast] Error 2


Source file was:
#include <pthread.h>

void* test_func(void* data)
{
  return data;
}

int main(void)
{
  pthread_t thread;
  pthread_create(&thread, NULL, test_func, NULL);
  pthread_detach(thread);
  pthread_join(thread, NULL);
  pthread_atfork(NULL, NULL, NULL);
  pthread_exit(NULL);

  return 0;
}

Determining if the function pthread_create exists in the pthreads failed with the following output:
Change Dir: /home/pinecone/documents/ORB-SLAM-2/build/CMakeFiles/CMakeTmp

Run Build Command(s):/usr/bin/make cmTC_3783c/fast && /usr/bin/make -f CMakeFiles/cmTC_3783c.dir/build.make CMakeFiles/cmTC_3783c.dir/build
make[1]: Entering directory '/home/pinecone/documents/ORB-SLAM-2/build/CMakeFiles/CMakeTmp'
Building C object CMakeFiles/cmTC_3783c.dir/CheckFunctionExists.c.o
/usr/bin/cc   -DCHECK_FUNCTION_EXISTS=pthread_create   -o CMakeFiles/cmTC_3783c.dir/CheckFunctionExists.c.o   -c /usr/share/cmake-3.16/Modules/CheckFunctionExists.c
Linking C executable cmTC_3783c
/usr/bin/cmake -E cmake_link_script CMakeFiles/cmTC_3783c.dir/link.txt --verbose=1
/usr/bin/cc  -DCHECK_FUNCTION_EXISTS=pthread_create    CMakeFiles/cmTC_3783c.dir/CheckFunctionExists.c.o  -o cmTC_3783c  -lpthreads 
/usr/bin/ld: cannot find -lpthreads
collect2: error: ld returned 1 exit status
make[1]: *** [CMakeFiles/cmTC_3783c.dir/build.make:87: cmTC_3783c] Error 1
make[1]: Leaving directory '/home/pinecone/documents/ORB-SLAM-2/build/CMakeFiles/CMakeTmp'
make: *** [Makefile:121: cmTC_3783c/fast] Error 2



